<?xml version="1.0" encoding="UTF-8"?>
<testng-results skipped="0" failed="0" total="1" passed="1">
  <reporter-output>
  </reporter-output>
  <suite name="Suite" duration-ms="30315" started-at="2020-12-09T08:47:21Z" finished-at="2020-12-09T08:47:51Z">
    <groups>
    </groups>
    <test name="Test" duration-ms="30315" started-at="2020-12-09T08:47:21Z" finished-at="2020-12-09T08:47:51Z">
      <class name="test.ready">
        <test-method status="PASS" signature="launch()[pri:0, instance:test.ready@1593948d]" name="launch" duration-ms="30255" started-at="2020-12-09T08:47:21Z" finished-at="2020-12-09T08:47:51Z">
          <reporter-output>
          </reporter-output>
        </test-method> <!-- launch -->
      </class> <!-- test.ready -->
    </test> <!-- Test -->
  </suite> <!-- Suite -->
</testng-results>
